{"type":"meta","schema":"uan-vis-log/v1","time_unit":"us","distance_unit":"m","seed":20260416,"sim_end_us":3200000}
{"type":"node","node_id":1,"name":"Sink-1","x":120,"y":80,"z":-20,"role":"sink"}
{"type":"node","node_id":2,"name":"Relay-2","x":520,"y":120,"z":-28,"role":"relay"}
{"type":"node","node_id":3,"name":"Sensor-3","x":310,"y":210,"z":-32,"role":"sensor"}
{"type":"node","node_id":4,"name":"Sensor-4","x":80,"y":320,"z":-36,"role":"sensor"}
{"type":"node","node_id":5,"name":"Gateway-5","x":420,"y":360,"z":-26,"role":"gateway"}
{"type":"node","node_id":6,"name":"AUV-6","x":670,"y":330,"z":-18,"role":"auv"}
{"type":"node","node_id":7,"name":"Sensor-7","x":220,"y":480,"z":-48,"role":"sensor"}
{"type":"node","node_id":8,"name":"Edge-8","x":600,"y":500,"z":-42,"role":"sensor"}
{"type":"tx","tx_id":"tx-1","packet_uid":"pkt-1","src":3,"mac_dst":"broadcast","net_dst":1,"start_us":400000,"duration_us":180000,"end_us":580000,"size_bytes":128,"freq_hz":25000,"bitrate_bps":11300,"tx_power_db":188,"range_m":520}
{"type":"rx","rx_id":"rx-1-1","tx_id":"tx-1","packet_uid":"pkt-1","src":3,"dst":1,"prop_delay_us":80000,"start_us":480000,"duration_us":180000,"end_us":660000,"distance_m":118,"result":"ok","snr_db":18.4,"per":0.01,"collided_with":[]}
{"type":"rx","rx_id":"rx-1-2","tx_id":"tx-1","packet_uid":"pkt-1","src":3,"dst":2,"prop_delay_us":140000,"start_us":540000,"duration_us":180000,"end_us":720000,"distance_m":207,"result":"ok","snr_db":15.7,"per":0.03,"collided_with":[]}
{"type":"rx","rx_id":"rx-1-5","tx_id":"tx-1","packet_uid":"pkt-1","src":3,"dst":5,"prop_delay_us":170000,"start_us":570000,"duration_us":180000,"end_us":750000,"distance_m":250,"result":"collision","snr_db":5.1,"per":0.62,"collided_with":["tx-2"]}
{"type":"rx","rx_id":"rx-1-7","tx_id":"tx-1","packet_uid":"pkt-1","src":3,"dst":7,"prop_delay_us":130000,"start_us":530000,"duration_us":180000,"end_us":710000,"distance_m":190,"result":"ok","snr_db":13.1,"per":0.05,"collided_with":[]}
{"type":"tx","tx_id":"tx-2","packet_uid":"pkt-2","src":6,"mac_dst":"broadcast","net_dst":null,"start_us":500000,"duration_us":160000,"end_us":660000,"size_bytes":96,"freq_hz":24000,"bitrate_bps":9800,"tx_power_db":190,"range_m":520}
{"type":"rx","rx_id":"rx-2-5","tx_id":"tx-2","packet_uid":"pkt-2","src":6,"dst":5,"prop_delay_us":65000,"start_us":565000,"duration_us":160000,"end_us":725000,"distance_m":96,"result":"collision","snr_db":4.7,"per":0.67,"collided_with":["tx-1"]}
{"type":"rx","rx_id":"rx-2-2","tx_id":"tx-2","packet_uid":"pkt-2","src":6,"dst":2,"prop_delay_us":150000,"start_us":650000,"duration_us":160000,"end_us":810000,"distance_m":220,"result":"ok","snr_db":16.8,"per":0.02,"collided_with":[]}
{"type":"rx","rx_id":"rx-2-8","tx_id":"tx-2","packet_uid":"pkt-2","src":6,"dst":8,"prop_delay_us":110000,"start_us":610000,"duration_us":160000,"end_us":770000,"distance_m":162,"result":"ok","snr_db":14.2,"per":0.03,"collided_with":[]}
{"type":"rx","rx_id":"rx-2-7","tx_id":"tx-2","packet_uid":"pkt-2","src":6,"dst":7,"prop_delay_us":290000,"start_us":790000,"duration_us":160000,"end_us":950000,"distance_m":430,"result":"below_snr","snr_db":2.2,"per":0.88,"collided_with":[]}
{"type":"tx","tx_id":"tx-3","packet_uid":"pkt-3","src":1,"mac_dst":"broadcast","net_dst":7,"start_us":1400000,"duration_us":150000,"end_us":1550000,"size_bytes":144,"freq_hz":25000,"bitrate_bps":11300,"tx_power_db":187,"range_m":500}
{"type":"rx","rx_id":"rx-3-3","tx_id":"tx-3","packet_uid":"pkt-3","src":1,"dst":3,"prop_delay_us":80000,"start_us":1480000,"duration_us":150000,"end_us":1630000,"distance_m":118,"result":"ok","snr_db":19.2,"per":0.01,"collided_with":[]}
{"type":"rx","rx_id":"rx-3-4","tx_id":"tx-3","packet_uid":"pkt-3","src":1,"dst":4,"prop_delay_us":160000,"start_us":1560000,"duration_us":150000,"end_us":1710000,"distance_m":236,"result":"ok","snr_db":12.7,"per":0.04,"collided_with":[]}
{"type":"rx","rx_id":"rx-3-5","tx_id":"tx-3","packet_uid":"pkt-3","src":1,"dst":5,"prop_delay_us":220000,"start_us":1620000,"duration_us":150000,"end_us":1770000,"distance_m":325,"result":"ok","snr_db":11.9,"per":0.06,"collided_with":[]}
{"type":"tx","tx_id":"tx-4","packet_uid":"pkt-4","src":4,"mac_dst":"broadcast","net_dst":null,"start_us":1850000,"duration_us":170000,"end_us":2020000,"size_bytes":160,"freq_hz":23000,"bitrate_bps":10200,"tx_power_db":189,"range_m":540}
{"type":"rx","rx_id":"rx-4-1","tx_id":"tx-4","packet_uid":"pkt-4","src":4,"dst":1,"prop_delay_us":160000,"start_us":2010000,"duration_us":170000,"end_us":2180000,"distance_m":236,"result":"ok","snr_db":14.6,"per":0.03,"collided_with":[]}
{"type":"rx","rx_id":"rx-4-7","tx_id":"tx-4","packet_uid":"pkt-4","src":4,"dst":7,"prop_delay_us":130000,"start_us":1980000,"duration_us":170000,"end_us":2150000,"distance_m":190,"result":"ok","snr_db":13.5,"per":0.04,"collided_with":[]}
{"type":"rx","rx_id":"rx-4-5","tx_id":"tx-4","packet_uid":"pkt-4","src":4,"dst":5,"prop_delay_us":230000,"start_us":2080000,"duration_us":170000,"end_us":2250000,"distance_m":340,"result":"half_duplex_busy","snr_db":9.1,"per":0.27,"collided_with":[]}
{"type":"tx","tx_id":"tx-5","packet_uid":"pkt-5","src":8,"mac_dst":"broadcast","net_dst":2,"start_us":2400000,"duration_us":150000,"end_us":2550000,"size_bytes":112,"freq_hz":24000,"bitrate_bps":9800,"tx_power_db":186,"range_m":480}
{"type":"rx","rx_id":"rx-5-6","tx_id":"tx-5","packet_uid":"pkt-5","src":8,"dst":6,"prop_delay_us":110000,"start_us":2510000,"duration_us":150000,"end_us":2660000,"distance_m":162,"result":"ok","snr_db":15.2,"per":0.03,"collided_with":[]}
{"type":"rx","rx_id":"rx-5-5","tx_id":"tx-5","packet_uid":"pkt-5","src":8,"dst":5,"prop_delay_us":140000,"start_us":2540000,"duration_us":150000,"end_us":2690000,"distance_m":207,"result":"ok","snr_db":12.8,"per":0.05,"collided_with":[]}
{"type":"rx","rx_id":"rx-5-2","tx_id":"tx-5","packet_uid":"pkt-5","src":8,"dst":2,"prop_delay_us":150000,"start_us":2550000,"duration_us":150000,"end_us":2700000,"distance_m":220,"result":"collision","snr_db":5.8,"per":0.55,"collided_with":["tx-6"]}
{"type":"tx","tx_id":"tx-6","packet_uid":"pkt-6","src":5,"mac_dst":"broadcast","net_dst":3,"start_us":2440000,"duration_us":180000,"end_us":2620000,"size_bytes":176,"freq_hz":25000,"bitrate_bps":11300,"tx_power_db":191,"range_m":560}
{"type":"rx","rx_id":"rx-6-2","tx_id":"tx-6","packet_uid":"pkt-6","src":5,"dst":2,"prop_delay_us":90000,"start_us":2530000,"duration_us":180000,"end_us":2710000,"distance_m":132,"result":"collision","snr_db":4.9,"per":0.63,"collided_with":["tx-5"]}
{"type":"rx","rx_id":"rx-6-3","tx_id":"tx-6","packet_uid":"pkt-6","src":5,"dst":3,"prop_delay_us":170000,"start_us":2610000,"duration_us":180000,"end_us":2790000,"distance_m":250,"result":"ok","snr_db":13.8,"per":0.04,"collided_with":[]}
{"type":"rx","rx_id":"rx-6-7","tx_id":"tx-6","packet_uid":"pkt-6","src":5,"dst":7,"prop_delay_us":150000,"start_us":2590000,"duration_us":180000,"end_us":2770000,"distance_m":221,"result":"ok","snr_db":12.9,"per":0.05,"collided_with":[]}
