{"type": "meta", "schema": "uan-vis-log/v2-multihop", "time_unit": "us", "distance_unit": "m", "seed": 20260417, "sim_end_us": 7800000, "destination_node": 8, "note": "single source to sink with multi-hop forwarding"}
{"type": "node", "node_id": 1, "name": "Source-1", "x": 80, "y": 260, "z": -20, "role": "source"}
{"type": "node", "node_id": 2, "name": "Relay-2", "x": 220, "y": 150, "z": -26, "role": "relay"}
{"type": "node", "node_id": 3, "name": "Relay-3", "x": 250, "y": 320, "z": -24, "role": "relay"}
{"type": "node", "node_id": 4, "name": "Relay-4", "x": 410, "y": 210, "z": -29, "role": "relay"}
{"type": "node", "node_id": 5, "name": "Relay-5", "x": 480, "y": 360, "z": -31, "role": "relay"}
{"type": "node", "node_id": 6, "name": "Relay-6", "x": 640, "y": 230, "z": -27, "role": "relay"}
{"type": "node", "node_id": 7, "name": "Relay-7", "x": 740, "y": 340, "z": -23, "role": "relay"}
{"type": "node", "node_id": 8, "name": "Sink-8", "x": 900, "y": 280, "z": -18, "role": "sink"}
{"type": "node", "node_id": 9, "name": "DOS-9", "x": 650, "y": 500, "z": -22, "role": "attacker"}
{"type": "node", "node_id": 10, "name": "DOS-10", "x": 450, "y": 120, "z": -21, "role": "attacker"}
{"type": "tx", "tx_id": "tx-201-h0", "packet_uid": "pkt-201", "src": 1, "hop": 0, "forwarder": 1, "or_mode": "opportunistic", "candidate_set": [2, 3], "mac_dst": "broadcast", "net_dst": 8, "start_us": 300000, "duration_us": 150000, "end_us": 450000, "size_bytes": 144, "freq_hz": 24500, "bitrate_bps": 10800, "tx_power_db": 189, "range_m": 360}
{"type": "rx", "rx_id": "rx-201-h0-r2", "tx_id": "tx-201-h0", "packet_uid": "pkt-201", "src": 1, "dst": 2, "hop": 0, "candidate_rank": 1, "prop_delay_us": 110000, "start_us": 410000, "duration_us": 150000, "end_us": 560000, "distance_m": 165, "result": "ok", "forward_decision": "winner", "snr_db": 16.4, "per": 0.03, "collided_with": []}
{"type": "rx", "rx_id": "rx-201-h0-r3", "tx_id": "tx-201-h0", "packet_uid": "pkt-201", "src": 1, "dst": 3, "hop": 0, "candidate_rank": 2, "prop_delay_us": 120000, "start_us": 420000, "duration_us": 150000, "end_us": 570000, "distance_m": 180, "result": "ok", "forward_decision": "suppressed", "snr_db": 14.1, "per": 0.06, "collided_with": []}
{"type": "tx", "tx_id": "tx-201-h1", "packet_uid": "pkt-201", "src": 2, "hop": 1, "forwarder": 2, "or_mode": "opportunistic", "candidate_set": [4, 5], "mac_dst": "broadcast", "net_dst": 8, "start_us": 760000, "duration_us": 145000, "end_us": 905000, "size_bytes": 144, "freq_hz": 24500, "bitrate_bps": 10800, "tx_power_db": 189, "range_m": 360}
{"type": "tx", "tx_id": "tx-dos-05", "packet_uid": "pkt-dos-05", "src": 9, "hop": 0, "forwarder": 9, "or_mode": "dos-flood", "candidate_set": [5], "mac_dst": "broadcast", "net_dst": null, "start_us": 840000, "duration_us": 320000, "end_us": 1160000, "size_bytes": 512, "freq_hz": 24500, "bitrate_bps": 10800, "tx_power_db": 194, "range_m": 500}
{"type": "rx", "rx_id": "rx-201-h1-r4", "tx_id": "tx-201-h1", "packet_uid": "pkt-201", "src": 2, "dst": 4, "hop": 1, "candidate_rank": 1, "prop_delay_us": 120000, "start_us": 880000, "duration_us": 145000, "end_us": 1025000, "distance_m": 180, "result": "ok", "forward_decision": "winner", "snr_db": 15.7, "per": 0.04, "collided_with": []}
{"type": "rx", "rx_id": "rx-dos-05-r5", "tx_id": "tx-dos-05", "packet_uid": "pkt-dos-05", "src": 9, "dst": 5, "hop": 0, "candidate_rank": 1, "prop_delay_us": 60000, "start_us": 900000, "duration_us": 320000, "end_us": 1220000, "distance_m": 180, "result": "ok", "forward_decision": "attack", "snr_db": 17.2, "per": 0.01, "collided_with": []}
{"type": "rx", "rx_id": "rx-201-h1-r5", "tx_id": "tx-201-h1", "packet_uid": "pkt-201", "src": 2, "dst": 5, "hop": 1, "candidate_rank": 2, "prop_delay_us": 180000, "start_us": 940000, "duration_us": 145000, "end_us": 1085000, "distance_m": 270, "result": "collision", "forward_decision": "drop", "snr_db": 4.8, "per": 0.79, "collided_with": ["tx-dos-05"]}
{"type": "tx", "tx_id": "tx-201-h2", "packet_uid": "pkt-201", "src": 4, "hop": 2, "forwarder": 4, "or_mode": "opportunistic", "candidate_set": [6], "mac_dst": "broadcast", "net_dst": 8, "start_us": 1280000, "duration_us": 140000, "end_us": 1420000, "size_bytes": 144, "freq_hz": 24500, "bitrate_bps": 10800, "tx_power_db": 189, "range_m": 360}
{"type": "rx", "rx_id": "rx-201-h2-r6", "tx_id": "tx-201-h2", "packet_uid": "pkt-201", "src": 4, "dst": 6, "hop": 2, "candidate_rank": 1, "prop_delay_us": 120000, "start_us": 1400000, "duration_us": 140000, "end_us": 1540000, "distance_m": 180, "result": "ok", "forward_decision": "winner", "snr_db": 17.2, "per": 0.02, "collided_with": []}
{"type": "tx", "tx_id": "tx-201-h3", "packet_uid": "pkt-201", "src": 6, "hop": 3, "forwarder": 6, "or_mode": "opportunistic", "candidate_set": [8], "mac_dst": "broadcast", "net_dst": 8, "start_us": 1740000, "duration_us": 140000, "end_us": 1880000, "size_bytes": 144, "freq_hz": 24500, "bitrate_bps": 10800, "tx_power_db": 189, "range_m": 360}
{"type": "rx", "rx_id": "rx-201-h3-r8", "tx_id": "tx-201-h3", "packet_uid": "pkt-201", "src": 6, "dst": 8, "hop": 3, "candidate_rank": 1, "prop_delay_us": 120000, "start_us": 1860000, "duration_us": 140000, "end_us": 2000000, "distance_m": 180, "result": "ok", "forward_decision": "deliver", "snr_db": 18.9, "per": 0.01, "collided_with": []}
{"type": "tx", "tx_id": "tx-202-h0", "packet_uid": "pkt-202", "src": 1, "hop": 0, "forwarder": 1, "or_mode": "opportunistic", "candidate_set": [2, 3], "mac_dst": "broadcast", "net_dst": 8, "start_us": 2480000, "duration_us": 155000, "end_us": 2635000, "size_bytes": 156, "freq_hz": 24000, "bitrate_bps": 10800, "tx_power_db": 190, "range_m": 360}
{"type": "rx", "rx_id": "rx-202-h0-r2", "tx_id": "tx-202-h0", "packet_uid": "pkt-202", "src": 1, "dst": 2, "hop": 0, "candidate_rank": 1, "prop_delay_us": 110000, "start_us": 2590000, "duration_us": 155000, "end_us": 2745000, "distance_m": 165, "result": "ok", "forward_decision": "winner", "snr_db": 15.9, "per": 0.04, "collided_with": []}
{"type": "rx", "rx_id": "rx-202-h0-r3", "tx_id": "tx-202-h0", "packet_uid": "pkt-202", "src": 1, "dst": 3, "hop": 0, "candidate_rank": 2, "prop_delay_us": 120000, "start_us": 2600000, "duration_us": 155000, "end_us": 2755000, "distance_m": 180, "result": "ok", "forward_decision": "suppressed", "snr_db": 14.7, "per": 0.05, "collided_with": []}
{"type": "tx", "tx_id": "tx-dos-04", "packet_uid": "pkt-dos-04", "src": 10, "hop": 0, "forwarder": 10, "or_mode": "dos-flood", "candidate_set": [4], "mac_dst": "broadcast", "net_dst": null, "start_us": 2900000, "duration_us": 340000, "end_us": 3240000, "size_bytes": 512, "freq_hz": 24000, "bitrate_bps": 10800, "tx_power_db": 194, "range_m": 440}
{"type": "tx", "tx_id": "tx-202-h1", "packet_uid": "pkt-202", "src": 2, "hop": 1, "forwarder": 2, "or_mode": "opportunistic", "candidate_set": [4, 5], "mac_dst": "broadcast", "net_dst": 8, "start_us": 2920000, "duration_us": 150000, "end_us": 3070000, "size_bytes": 156, "freq_hz": 24000, "bitrate_bps": 10800, "tx_power_db": 190, "range_m": 360}
{"type": "rx", "rx_id": "rx-dos-04-r4", "tx_id": "tx-dos-04", "packet_uid": "pkt-dos-04", "src": 10, "dst": 4, "hop": 0, "candidate_rank": 1, "prop_delay_us": 80000, "start_us": 2980000, "duration_us": 340000, "end_us": 3320000, "distance_m": 120, "result": "ok", "forward_decision": "attack", "snr_db": 18.0, "per": 0.01, "collided_with": []}
{"type": "rx", "rx_id": "rx-202-h1-r4", "tx_id": "tx-202-h1", "packet_uid": "pkt-202", "src": 2, "dst": 4, "hop": 1, "candidate_rank": 1, "prop_delay_us": 120000, "start_us": 3040000, "duration_us": 150000, "end_us": 3190000, "distance_m": 180, "result": "collision", "forward_decision": "drop", "snr_db": 4.6, "per": 0.81, "collided_with": ["tx-dos-04"]}
{"type": "rx", "rx_id": "rx-202-h1-r5", "tx_id": "tx-202-h1", "packet_uid": "pkt-202", "src": 2, "dst": 5, "hop": 1, "candidate_rank": 2, "prop_delay_us": 180000, "start_us": 3100000, "duration_us": 150000, "end_us": 3250000, "distance_m": 270, "result": "ok", "forward_decision": "winner", "snr_db": 13.8, "per": 0.08, "collided_with": []}
{"type": "tx", "tx_id": "tx-202-h2", "packet_uid": "pkt-202", "src": 5, "hop": 2, "forwarder": 5, "or_mode": "opportunistic", "candidate_set": [7], "mac_dst": "broadcast", "net_dst": 8, "start_us": 3460000, "duration_us": 145000, "end_us": 3605000, "size_bytes": 156, "freq_hz": 24000, "bitrate_bps": 10800, "tx_power_db": 190, "range_m": 360}
{"type": "rx", "rx_id": "rx-202-h2-r7", "tx_id": "tx-202-h2", "packet_uid": "pkt-202", "src": 5, "dst": 7, "hop": 2, "candidate_rank": 1, "prop_delay_us": 120000, "start_us": 3580000, "duration_us": 145000, "end_us": 3725000, "distance_m": 180, "result": "ok", "forward_decision": "winner", "snr_db": 16.1, "per": 0.03, "collided_with": []}
{"type": "tx", "tx_id": "tx-202-h3", "packet_uid": "pkt-202", "src": 7, "hop": 3, "forwarder": 7, "or_mode": "opportunistic", "candidate_set": [8], "mac_dst": "broadcast", "net_dst": 8, "start_us": 3920000, "duration_us": 145000, "end_us": 4065000, "size_bytes": 156, "freq_hz": 24000, "bitrate_bps": 10800, "tx_power_db": 190, "range_m": 360}
{"type": "rx", "rx_id": "rx-202-h3-r8", "tx_id": "tx-202-h3", "packet_uid": "pkt-202", "src": 7, "dst": 8, "hop": 3, "candidate_rank": 1, "prop_delay_us": 120000, "start_us": 4040000, "duration_us": 145000, "end_us": 4185000, "distance_m": 180, "result": "ok", "forward_decision": "deliver", "snr_db": 18.3, "per": 0.02, "collided_with": []}
{"type": "tx", "tx_id": "tx-203-h0", "packet_uid": "pkt-203", "src": 1, "hop": 0, "forwarder": 1, "or_mode": "opportunistic", "candidate_set": [3], "mac_dst": "broadcast", "net_dst": 8, "start_us": 4700000, "duration_us": 160000, "end_us": 4860000, "size_bytes": 132, "freq_hz": 25000, "bitrate_bps": 11300, "tx_power_db": 188, "range_m": 360}
{"type": "rx", "rx_id": "rx-203-h0-r3", "tx_id": "tx-203-h0", "packet_uid": "pkt-203", "src": 1, "dst": 3, "hop": 0, "candidate_rank": 1, "prop_delay_us": 120000, "start_us": 4820000, "duration_us": 160000, "end_us": 4980000, "distance_m": 180, "result": "ok", "forward_decision": "winner", "snr_db": 16.9, "per": 0.03, "collided_with": []}
{"type": "tx", "tx_id": "tx-203-h1", "packet_uid": "pkt-203", "src": 3, "hop": 1, "forwarder": 3, "or_mode": "opportunistic", "candidate_set": [5, 6], "mac_dst": "broadcast", "net_dst": 8, "start_us": 5200000, "duration_us": 150000, "end_us": 5350000, "size_bytes": 132, "freq_hz": 25000, "bitrate_bps": 11300, "tx_power_db": 188, "range_m": 360}
{"type": "rx", "rx_id": "rx-203-h1-r5", "tx_id": "tx-203-h1", "packet_uid": "pkt-203", "src": 3, "dst": 5, "hop": 1, "candidate_rank": 1, "prop_delay_us": 130000, "start_us": 5330000, "duration_us": 150000, "end_us": 5480000, "distance_m": 195, "result": "ok", "forward_decision": "winner", "snr_db": 15.4, "per": 0.04, "collided_with": []}
{"type": "rx", "rx_id": "rx-203-h1-r6", "tx_id": "tx-203-h1", "packet_uid": "pkt-203", "src": 3, "dst": 6, "hop": 1, "candidate_rank": 2, "prop_delay_us": 170000, "start_us": 5370000, "duration_us": 150000, "end_us": 5520000, "distance_m": 255, "result": "ok", "forward_decision": "suppressed", "snr_db": 14.2, "per": 0.06, "collided_with": []}
{"type": "tx", "tx_id": "tx-203-h2", "packet_uid": "pkt-203", "src": 5, "hop": 2, "forwarder": 5, "or_mode": "opportunistic", "candidate_set": [7], "mac_dst": "broadcast", "net_dst": 8, "start_us": 5710000, "duration_us": 145000, "end_us": 5855000, "size_bytes": 132, "freq_hz": 25000, "bitrate_bps": 11300, "tx_power_db": 188, "range_m": 360}
{"type": "rx", "rx_id": "rx-203-h2-r7", "tx_id": "tx-203-h2", "packet_uid": "pkt-203", "src": 5, "dst": 7, "hop": 2, "candidate_rank": 1, "prop_delay_us": 120000, "start_us": 5830000, "duration_us": 145000, "end_us": 5975000, "distance_m": 180, "result": "ok", "forward_decision": "winner", "snr_db": 16.7, "per": 0.03, "collided_with": []}
{"type": "tx", "tx_id": "tx-203-h3", "packet_uid": "pkt-203", "src": 7, "hop": 3, "forwarder": 7, "or_mode": "opportunistic", "candidate_set": [8], "mac_dst": "broadcast", "net_dst": 8, "start_us": 6150000, "duration_us": 145000, "end_us": 6295000, "size_bytes": 132, "freq_hz": 25000, "bitrate_bps": 11300, "tx_power_db": 188, "range_m": 360}
{"type": "rx", "rx_id": "rx-203-h3-r8", "tx_id": "tx-203-h3", "packet_uid": "pkt-203", "src": 7, "dst": 8, "hop": 3, "candidate_rank": 1, "prop_delay_us": 120000, "start_us": 6270000, "duration_us": 145000, "end_us": 6415000, "distance_m": 180, "result": "ok", "forward_decision": "deliver", "snr_db": 18.6, "per": 0.02, "collided_with": []}
