{"type":"meta","schema":"uan-vis-log/v2-multihop-complex","time_unit":"us","distance_unit":"m","seed":20260418,"sim_end_us":15500000,"destination_node":9,"note":"multi-source opportunistic forwarding to one sink with justified collisions and no rx-tx overlap"}
{"type":"node","node_id":1,"name":"Source-1","x":900,"y":1800,"z":-28,"role":"source"}
{"type":"node","node_id":2,"name":"Source-2","x":1200,"y":5000,"z":-32,"role":"source"}
{"type":"node","node_id":3,"name":"Relay-3","x":3000,"y":1700,"z":-30,"role":"relay"}
{"type":"node","node_id":4,"name":"Relay-4","x":3900,"y":3700,"z":-34,"role":"relay"}
{"type":"node","node_id":5,"name":"Relay-5","x":5600,"y":2100,"z":-27,"role":"relay"}
{"type":"node","node_id":6,"name":"Relay-6","x":6400,"y":4500,"z":-29,"role":"relay"}
{"type":"node","node_id":7,"name":"Relay-7","x":8000,"y":2800,"z":-24,"role":"relay"}
{"type":"node","node_id":8,"name":"Relay-8","x":8500,"y":4700,"z":-26,"role":"relay"}
{"type":"node","node_id":9,"name":"Sink-9","x":10200,"y":3300,"z":-20,"role":"sink"}
{"type":"node","node_id":10,"name":"DOS-10","x":5200,"y":3600,"z":-21,"role":"attacker"}
{"type":"node","node_id":11,"name":"DOS-11","x":6900,"y":1300,"z":-22,"role":"attacker"}

{"type":"packet","event_id":"tx-401-h0","packet_id":"pkt-401","src":1,"hop":0,"forwarder":1,"or_mode":"opportunistic","candidate_set":[3,4],"mac_dst":"broadcast","net_dst":9,"tx_start_us":200000,"tx_duration_us":180000,"receivers":[{"dst":3,"rx_start_us":1602000,"rx_duration_us":180000,"status":"ok","forward_decision":"forward"},{"dst":4,"rx_start_us":2557000,"rx_duration_us":180000,"status":"ok","forward_decision":"forward"}]}
{"type":"packet","event_id":"tx-402-h0","packet_id":"pkt-402","src":2,"hop":0,"forwarder":2,"or_mode":"opportunistic","candidate_set":[4,3],"mac_dst":"broadcast","net_dst":9,"tx_start_us":1000000,"tx_duration_us":185000,"receivers":[{"dst":4,"rx_start_us":2915000,"rx_duration_us":185000,"status":"ok","forward_decision":"forward"},{"dst":3,"rx_start_us":3433000,"rx_duration_us":185000,"status":"ok","forward_decision":"forward"}]}

{"type":"packet","event_id":"tx-dos-501","packet_id":"pkt-dos-501","src":10,"hop":0,"forwarder":10,"or_mode":"dos-flood","candidate_set":[5],"mac_dst":"broadcast","net_dst":null,"tx_start_us":3000000,"tx_duration_us":1800000,"receivers":[{"dst":5,"rx_start_us":4002000,"rx_duration_us":1800000,"status":"ok","forward_decision":"attack"}]}
{"type":"packet","event_id":"tx-401-h1a","packet_id":"pkt-401","src":3,"hop":1,"forwarder":3,"or_mode":"opportunistic","candidate_set":[5],"mac_dst":"broadcast","net_dst":9,"tx_start_us":2100000,"tx_duration_us":170000,"receivers":[{"dst":5,"rx_start_us":3839000,"rx_duration_us":170000,"status":"fail","reason":"collision_rx_rx","with":["pkt-dos-501"],"forward_decision":"drop"}]}
{"type":"packet","event_id":"tx-401-h1b","packet_id":"pkt-401","src":4,"hop":1,"forwarder":4,"or_mode":"opportunistic","candidate_set":[6,5],"mac_dst":"broadcast","net_dst":9,"tx_start_us":2280000,"tx_duration_us":170000,"receivers":[{"dst":6,"rx_start_us":3947000,"rx_duration_us":170000,"status":"ok","forward_decision":"forward"},{"dst":5,"rx_start_us":3837000,"rx_duration_us":170000,"status":"fail","reason":"collision_rx_rx","with":["pkt-dos-501"],"forward_decision":"drop"}]}

{"type":"packet","event_id":"tx-402-h1a","packet_id":"pkt-402","src":4,"hop":1,"forwarder":4,"or_mode":"opportunistic","candidate_set":[6,5],"mac_dst":"broadcast","net_dst":9,"tx_start_us":3300000,"tx_duration_us":175000,"receivers":[{"dst":6,"rx_start_us":4967000,"rx_duration_us":175000,"status":"ok","forward_decision":"forward"},{"dst":5,"rx_start_us":4857000,"rx_duration_us":175000,"status":"fail","reason":"collision_rx_rx","with":["pkt-dos-501"],"forward_decision":"drop"}]}
{"type":"packet","event_id":"tx-402-h1b","packet_id":"pkt-402","src":3,"hop":1,"forwarder":3,"or_mode":"opportunistic","candidate_set":[5],"mac_dst":"broadcast","net_dst":9,"tx_start_us":3720000,"tx_duration_us":175000,"receivers":[{"dst":5,"rx_start_us":5459000,"rx_duration_us":175000,"status":"fail","reason":"collision_rx_rx","with":["pkt-dos-501"],"forward_decision":"drop"}]}

{"type":"packet","event_id":"tx-dos-502","packet_id":"pkt-dos-502","src":11,"hop":0,"forwarder":11,"or_mode":"dos-flood","candidate_set":[7],"mac_dst":"broadcast","net_dst":null,"tx_start_us":4300000,"tx_duration_us":3000000,"receivers":[{"dst":7,"rx_start_us":5545000,"rx_duration_us":3000000,"status":"ok","forward_decision":"attack"}]}
{"type":"packet","event_id":"tx-401-h2","packet_id":"pkt-401","src":6,"hop":2,"forwarder":6,"or_mode":"opportunistic","candidate_set":[8,7],"mac_dst":"broadcast","net_dst":9,"tx_start_us":4300000,"tx_duration_us":165000,"receivers":[{"dst":8,"rx_start_us":5762000,"rx_duration_us":165000,"status":"ok","forward_decision":"forward"},{"dst":7,"rx_start_us":5714000,"rx_duration_us":165000,"status":"fail","reason":"collision_rx_rx","with":["pkt-dos-502"],"forward_decision":"drop"}]}
{"type":"packet","event_id":"tx-402-h2","packet_id":"pkt-402","src":6,"hop":2,"forwarder":6,"or_mode":"opportunistic","candidate_set":[8,7],"mac_dst":"broadcast","net_dst":9,"tx_start_us":5600000,"tx_duration_us":165000,"receivers":[{"dst":8,"rx_start_us":7062000,"rx_duration_us":165000,"status":"ok","forward_decision":"forward"},{"dst":7,"rx_start_us":7014000,"rx_duration_us":165000,"status":"fail","reason":"collision_rx_rx","with":["pkt-dos-502"],"forward_decision":"drop"}]}

{"type":"packet","event_id":"tx-401-h3","packet_id":"pkt-401","src":8,"hop":3,"forwarder":8,"or_mode":"opportunistic","candidate_set":[9],"mac_dst":"broadcast","net_dst":9,"tx_start_us":6200000,"tx_duration_us":160000,"receivers":[{"dst":9,"rx_start_us":7668000,"rx_duration_us":160000,"status":"ok","forward_decision":"deliver"}]}
{"type":"packet","event_id":"tx-402-h3","packet_id":"pkt-402","src":8,"hop":3,"forwarder":8,"or_mode":"opportunistic","candidate_set":[9],"mac_dst":"broadcast","net_dst":9,"tx_start_us":7500000,"tx_duration_us":160000,"receivers":[{"dst":9,"rx_start_us":8968000,"rx_duration_us":160000,"status":"ok","forward_decision":"deliver"}]}

{"type":"packet","event_id":"tx-403-h0","packet_id":"pkt-403","src":1,"hop":0,"forwarder":1,"or_mode":"opportunistic","candidate_set":[3,4],"mac_dst":"broadcast","net_dst":9,"tx_start_us":5000000,"tx_duration_us":180000,"receivers":[{"dst":3,"rx_start_us":6402000,"rx_duration_us":180000,"status":"ok","forward_decision":"forward"},{"dst":4,"rx_start_us":7357000,"rx_duration_us":180000,"status":"ok","forward_decision":"forward"}]}
{"type":"packet","event_id":"tx-dos-503","packet_id":"pkt-dos-503","src":10,"hop":0,"forwarder":10,"or_mode":"dos-flood","candidate_set":[5],"mac_dst":"broadcast","net_dst":null,"tx_start_us":7600000,"tx_duration_us":1000000,"receivers":[{"dst":5,"rx_start_us":8602000,"rx_duration_us":1000000,"status":"ok","forward_decision":"attack"}]}
{"type":"packet","event_id":"tx-403-h1a","packet_id":"pkt-403","src":3,"hop":1,"forwarder":3,"or_mode":"opportunistic","candidate_set":[5],"mac_dst":"broadcast","net_dst":9,"tx_start_us":6900000,"tx_duration_us":170000,"receivers":[{"dst":5,"rx_start_us":8639000,"rx_duration_us":170000,"status":"fail","reason":"collision_rx_rx","with":["pkt-dos-503"],"forward_decision":"drop"}]}
{"type":"packet","event_id":"tx-403-h1b","packet_id":"pkt-403","src":4,"hop":1,"forwarder":4,"or_mode":"opportunistic","candidate_set":[6,5],"mac_dst":"broadcast","net_dst":9,"tx_start_us":7050000,"tx_duration_us":170000,"receivers":[{"dst":6,"rx_start_us":8717000,"rx_duration_us":170000,"status":"ok","forward_decision":"forward"},{"dst":5,"rx_start_us":8607000,"rx_duration_us":170000,"status":"fail","reason":"collision_rx_rx","with":["pkt-dos-503"],"forward_decision":"drop"}]}
{"type":"packet","event_id":"tx-403-h2","packet_id":"pkt-403","src":6,"hop":2,"forwarder":6,"or_mode":"opportunistic","candidate_set":[8,7],"mac_dst":"broadcast","net_dst":9,"tx_start_us":9150000,"tx_duration_us":165000,"receivers":[{"dst":8,"rx_start_us":10612000,"rx_duration_us":165000,"status":"ok","forward_decision":"forward"},{"dst":7,"rx_start_us":10564000,"rx_duration_us":165000,"status":"fail","reason":"below_rx_thresh","with":[],"forward_decision":"drop"}]}
{"type":"packet","event_id":"tx-403-h3","packet_id":"pkt-403","src":8,"hop":3,"forwarder":8,"or_mode":"opportunistic","candidate_set":[9],"mac_dst":"broadcast","net_dst":9,"tx_start_us":11050000,"tx_duration_us":155000,"receivers":[{"dst":9,"rx_start_us":12518000,"rx_duration_us":155000,"status":"ok","forward_decision":"deliver"}]}
